<?xml version="1.0" encoding="UTF-8"?>
<!-- Generated by org.testng.reporters.JUnitXMLReporter -->
<testsuite ignored="0" hostname="Lauj-HP-Laptop" failures="0" tests="6" name="Test" time="0.043" errors="0" timestamp="2022-08-22T16:47:20 EDT">
  <testcase classname="qaclickacademy.MavenJava.RestAPITest" name="deleteTwitter" time="0.006"/>
  <testcase classname="qaclickacademy.MavenJava.RestAPITest" name="postJira" time="0.0"/>
  <testcase classname="qaclickacademy.MavenJava.SeleniumTest" name="BrowserAutomation" time="0.001"/>
  <testcase classname="qaclickacademy.MavenJava.SeleniumTest" name="elementsUI" time="0.001"/>
  <testcase classname="qaclickacademy.MavenJava.AppiumTest" name="IOSApps" time="0.0"/>
  <testcase classname="qaclickacademy.MavenJava.AppiumTest" name="NativeAppAndroid" time="0.0"/>
</testsuite> <!-- Test -->
