<?xml version="1.0" encoding="UTF-8"?>
<!-- Generated by org.testng.reporters.JUnitXMLReporter -->
<testsuite ignored="0" hostname="Lauj-HP-Laptop" failures="0" tests="6" name="Command line test" time="0.035" errors="0" timestamp="2022-08-22T18:01:07 EDT">
  <testcase classname="qaclickacademy.MavenJava.AppiumTest" name="IOSApps" time="0.004"/>
  <testcase classname="qaclickacademy.MavenJava.AppiumTest" name="NativeAppAndroid" time="0.0"/>
  <testcase classname="qaclickacademy.MavenJava.RestAPITest" name="deleteTwitter" time="0.0"/>
  <testcase classname="qaclickacademy.MavenJava.RestAPITest" name="postJira" time="0.0"/>
  <testcase classname="qaclickacademy.MavenJava.SeleniumTest" name="BrowserAutomation" time="0.0"/>
  <testcase classname="qaclickacademy.MavenJava.SeleniumTest" name="elementsUI" time="0.0"/>
</testsuite> <!-- Command line test -->
