<?xml version="1.0" encoding="UTF-8"?>
<testng-results ignored="0" total="6" passed="6" failed="0" skipped="0">
  <reporter-output>
  </reporter-output>
  <suite started-at="2022-08-22T18:01:07 EDT" name="Command line suite" finished-at="2022-08-22T18:01:07 EDT" duration-ms="35">
    <groups>
    </groups>
    <test started-at="2022-08-22T18:01:07 EDT" name="Command line test" finished-at="2022-08-22T18:01:07 EDT" duration-ms="35">
      <class name="qaclickacademy.MavenJava.SeleniumTest">
        <test-method signature="BrowserAutomation()[pri:0, instance:qaclickacademy.MavenJava.SeleniumTest@55040f2f]" started-at="2022-08-22T18:01:07 EDT" name="BrowserAutomation" finished-at="2022-08-22T18:01:07 EDT" duration-ms="0" status="PASS">
          <reporter-output>
          </reporter-output>
        </test-method> <!-- BrowserAutomation -->
        <test-method signature="elementsUI()[pri:0, instance:qaclickacademy.MavenJava.SeleniumTest@55040f2f]" started-at="2022-08-22T18:01:07 EDT" name="elementsUI" finished-at="2022-08-22T18:01:07 EDT" duration-ms="0" status="PASS">
          <reporter-output>
          </reporter-output>
        </test-method> <!-- elementsUI -->
      </class> <!-- qaclickacademy.MavenJava.SeleniumTest -->
      <class name="qaclickacademy.MavenJava.AppiumTest">
        <test-method signature="IOSApps()[pri:0, instance:qaclickacademy.MavenJava.AppiumTest@8b96fde]" started-at="2022-08-22T18:01:07 EDT" name="IOSApps" finished-at="2022-08-22T18:01:07 EDT" duration-ms="4" status="PASS">
          <reporter-output>
          </reporter-output>
        </test-method> <!-- IOSApps -->
        <test-method signature="NativeAppAndroid()[pri:0, instance:qaclickacademy.MavenJava.AppiumTest@8b96fde]" started-at="2022-08-22T18:01:07 EDT" name="NativeAppAndroid" finished-at="2022-08-22T18:01:07 EDT" duration-ms="0" status="PASS">
          <reporter-output>
          </reporter-output>
        </test-method> <!-- NativeAppAndroid -->
      </class> <!-- qaclickacademy.MavenJava.AppiumTest -->
      <class name="qaclickacademy.MavenJava.RestAPITest">
        <test-method signature="deleteTwitter()[pri:0, instance:qaclickacademy.MavenJava.RestAPITest@6ee12bac]" started-at="2022-08-22T18:01:07 EDT" name="deleteTwitter" finished-at="2022-08-22T18:01:07 EDT" duration-ms="0" status="PASS">
          <reporter-output>
          </reporter-output>
        </test-method> <!-- deleteTwitter -->
        <test-method signature="postJira()[pri:0, instance:qaclickacademy.MavenJava.RestAPITest@6ee12bac]" started-at="2022-08-22T18:01:07 EDT" name="postJira" finished-at="2022-08-22T18:01:07 EDT" duration-ms="0" status="PASS">
          <reporter-output>
          </reporter-output>
        </test-method> <!-- postJira -->
      </class> <!-- qaclickacademy.MavenJava.RestAPITest -->
    </test> <!-- Command line test -->
  </suite> <!-- Command line suite -->
</testng-results>
