<?xml version="1.0" encoding="UTF-8"?>
<testng-results ignored="0" total="2" passed="2" failed="0" skipped="0">
  <reporter-output>
  </reporter-output>
  <suite started-at="2022-08-22T17:23:24 EDT" name="Default suite" finished-at="2022-08-22T17:23:24 EDT" duration-ms="34">
    <groups>
    </groups>
    <test started-at="2022-08-22T17:23:24 EDT" name="Default test" finished-at="2022-08-22T17:23:24 EDT" duration-ms="34">
      <class name="qaclickacademy.MavenJava.RestAPITest">
        <test-method signature="deleteTwitter()[pri:0, instance:qaclickacademy.MavenJava.RestAPITest@56620197]" started-at="2022-08-22T17:23:24 EDT" name="deleteTwitter" finished-at="2022-08-22T17:23:24 EDT" duration-ms="6" status="PASS">
          <reporter-output>
          </reporter-output>
        </test-method> <!-- deleteTwitter -->
        <test-method signature="postJira()[pri:0, instance:qaclickacademy.MavenJava.RestAPITest@56620197]" started-at="2022-08-22T17:23:24 EDT" name="postJira" finished-at="2022-08-22T17:23:24 EDT" duration-ms="1" status="PASS">
          <reporter-output>
          </reporter-output>
        </test-method> <!-- postJira -->
      </class> <!-- qaclickacademy.MavenJava.RestAPITest -->
    </test> <!-- Default test -->
  </suite> <!-- Default suite -->
</testng-results>
